<?xml version="1.0" encoding="UTF-8"?>
<coverage generated="1724944549766" clover="3.2.0">
  <project timestamp="1724944549766" name="All files">
    <metrics statements="11" coveredstatements="10" conditionals="5" coveredconditionals="2" methods="2" coveredmethods="2" elements="18" coveredelements="14" complexity="0" loc="11" ncloc="11" packages="1" files="1" classes="1"/>
    <file name="Button.tsx" path="D:\GIT\react-component-library\src\components\Button\Button.tsx">
      <metrics statements="11" coveredstatements="10" conditionals="5" coveredconditionals="2" methods="2" coveredmethods="2"/>
      <line num="1" count="1" type="stmt"/>
      <line num="2" count="1" type="stmt"/>
      <line num="12" count="1" type="stmt"/>
      <line num="20" count="3" type="cond" truecount="1" falsecount="1"/>
      <line num="21" count="3" type="stmt"/>
      <line num="22" count="3" type="stmt"/>
      <line num="23" count="3" type="cond" truecount="0" falsecount="1"/>
      <line num="24" count="0" type="stmt"/>
      <line num="27" count="3" type="cond" truecount="1" falsecount="1"/>
      <line num="28" count="3" type="stmt"/>
      <line num="41" count="1" type="stmt"/>
    </file>
  </project>
</coverage>
