{"D:\\GIT\\react-component-library\\src\\components\\Button\\Button.tsx": {"path":"D:\\GIT\\react-component-library\\src\\components\\Button\\Button.tsx","statementMap":{"0":{"start":{"line":1,"column":0},"end":{"line":1,"column":62}},"1":{"start":{"line":2,"column":0},"end":{"line":2,"column":22}},"2":{"start":{"line":12,"column":15},"end":{"line":39,"column":1}},"3":{"start":{"line":20,"column":21},"end":{"line":20,"column":65}},"4":{"start":{"line":21,"column":34},"end":{"line":21,"column":49}},"5":{"start":{"line":22,"column":2},"end":{"line":26,"column":16}},"6":{"start":{"line":23,"column":4},"end":{"line":25,"column":5}},"7":{"start":{"line":24,"column":6},"end":{"line":24,"column":26}},"8":{"start":{"line":27,"column":35},"end":{"line":27,"column":73}},"9":{"start":{"line":28,"column":2},"end":{"line":38,"column":4}},"10":{"start":{"line":41,"column":0},"end":{"line":41,"column":22}}},"fnMap":{"0":{"name":"(anonymous_0)","decl":{"start":{"line":12,"column":15},"end":{"line":12,"column":16}},"loc":{"start":{"line":19,"column":18},"end":{"line":39,"column":1}}},"1":{"name":"(anonymous_1)","decl":{"start":{"line":22,"column":12},"end":{"line":22,"column":15}},"loc":{"start":{"line":22,"column":17},"end":{"line":26,"column":3}}}},"branchMap":{"0":{"loc":{"start":{"line":20,"column":21},"end":{"line":20,"column":65}},"type":"cond-expr","locations":[{"start":{"line":20,"column":33},"end":{"line":20,"column":42}},{"start":{"line":20,"column":45},"end":{"line":20,"column":65}}]},"1":{"loc":{"start":{"line":23,"column":4},"end":{"line":25,"column":5}},"type":"if","locations":[{"start":{"line":23,"column":4},"end":{"line":25,"column":5}}]},"2":{"loc":{"start":{"line":27,"column":35},"end":{"line":27,"column":73}},"type":"cond-expr","locations":[{"start":{"line":27,"column":47},"end":{"line":27,"column":66}},{"start":{"line":27,"column":69},"end":{"line":27,"column":73}}]}},"s":{"0":1,"1":1,"2":1,"3":3,"4":3,"5":3,"6":3,"7":0,"8":3,"9":3,"10":1},"f":{"0":3,"1":3},"b":{"0":[0,3],"1":[0],"2":[0,3]}}
}
